<?xml version="1.0" encoding="UTF-8"?>
<!-- Generated by org.testng.reporters.JUnitXMLReporter -->
<testsuite hostname="DESKTOP-6NI868R" ignored="0" name="PracticeAutomationTest" tests="3" failures="0" timestamp="16 Mar 2020 13:09:35 GMT" time="80.247" errors="0">
  <testcase name="LoginTest" time="8.386" classname="testcases.SignInTest"/>
  <testcase name="Login" time="3.619" classname="testcases.LoginTest"/>
  <testcase name="Check_Out" time="20.894" classname="testcases.CheckOutTest"/>
</testsuite> <!-- PracticeAutomationTest -->
